ml-googlr/build/app/intermediates/manifest_merge_blame_file/release/manifest-merger-blame-release-report.txt
1<?xml version="1.0" encoding="utf-8"?>
2<manifest xmlns:android="http://schemas.android.com/apk/res/android"
3    package="com.cbkm.textrecognition"
4    android:versionCode="1"
5    android:versionName="1.0.0" >
6
7    <uses-sdk
8        android:minSdkVersion="16"
8-->src/main/AndroidManifest.xml
9        android:targetSdkVersion="28" />
9-->src/main/AndroidManifest.xml
10
11    <uses-permission android:name="android.permission.READ_EXTERNAL_STORAGE" />
11-->[:image_picker] AndroidManifest.xml:7:5-80
11-->[:image_picker] AndroidManifest.xml:7:22-77
12    <uses-permission android:name="android.permission.WRITE_EXTERNAL_STORAGE" /> <!-- Required permission for App measurement to run. -->
12-->[:image_picker] AndroidManifest.xml:8:5-81
12-->[:image_picker] AndroidManifest.xml:8:22-78
13    <uses-permission android:name="android.permission.INTERNET" />
13-->[com.google.android.gms:play-services-measurement:17.2.2] AndroidManifest.xml:23:5-67
13-->[com.google.android.gms:play-services-measurement:17.2.2] AndroidManifest.xml:23:22-64
14    <uses-permission android:name="android.permission.ACCESS_NETWORK_STATE" />
14-->[com.google.android.gms:play-services-measurement:17.2.2] AndroidManifest.xml:24:5-79
14-->[com.google.android.gms:play-services-measurement:17.2.2] AndroidManifest.xml:24:22-76
15    <uses-permission android:name="android.permission.WAKE_LOCK" />
15-->[com.google.android.gms:play-services-measurement:17.2.2] AndroidManifest.xml:25:5-68
15-->[com.google.android.gms:play-services-measurement:17.2.2] AndroidManifest.xml:25:22-65
16    <uses-permission android:name="com.google.android.finsky.permission.BIND_GET_INSTALL_REFERRER_SERVICE" /> <!-- Required by older versions of Google Play services to create IID tokens -->
16-->[com.google.android.gms:play-services-measurement:17.2.2] AndroidManifest.xml:26:5-110
16-->[com.google.android.gms:play-services-measurement:17.2.2] AndroidManifest.xml:26:22-107
17    <uses-permission android:name="com.google.android.c2dm.permission.RECEIVE" />
17-->[com.google.firebase:firebase-iid:20.1.5] AndroidManifest.xml:26:5-82
17-->[com.google.firebase:firebase-iid:20.1.5] AndroidManifest.xml:26:22-79
18    <!--
19 io.flutter.app.FlutterApplication is an android.app.Application that
20         calls FlutterMain.startInitialization(this); in its onCreate method.
21         In most cases you can leave this as-is, but you if you want to provide
22         additional functionality it is fine to subclass or reimplement
23         FlutterApplication and put your custom class here.
24    -->
25    <application
25-->src/main/AndroidManifest.xml:8:5-50:19
26        android:name="io.flutter.app.FlutterApplication"
26-->src/main/AndroidManifest.xml:9:9-57
27        android:appComponentFactory="androidx.core.app.CoreComponentFactory"
27-->[androidx.core:core:1.1.0] AndroidManifest.xml:24:18-86
28        android:icon="@mipmap/ic_launcher"
28-->src/main/AndroidManifest.xml:11:9-43
29        android:label="textrecognition" >
29-->src/main/AndroidManifest.xml:10:9-40
30        <activity
30-->src/main/AndroidManifest.xml:12:9-44:20
31            android:name="com.cbkm.textrecognition.MainActivity"
31-->src/main/AndroidManifest.xml:13:13-41
32            android:configChanges="orientation|keyboardHidden|keyboard|screenSize|smallestScreenSize|locale|layoutDirection|fontScale|screenLayout|density|uiMode"
32-->src/main/AndroidManifest.xml:16:13-163
33            android:hardwareAccelerated="true"
33-->src/main/AndroidManifest.xml:17:13-47
34            android:launchMode="singleTop"
34-->src/main/AndroidManifest.xml:14:13-43
35            android:theme="@style/LaunchTheme"
35-->src/main/AndroidManifest.xml:15:13-47
36            android:windowSoftInputMode="adjustResize" >
36-->src/main/AndroidManifest.xml:18:13-55
37
38            <!--
39                 Specifies an Android theme to apply to this Activity as soon as
40                 the Android process has started. This theme is visible to the user
41                 while the Flutter UI initializes. After that, this theme continues
42                 to determine the Window background behind the Flutter UI.
43            -->
44            <meta-data
44-->src/main/AndroidManifest.xml:23:13-26:17
45                android:name="io.flutter.embedding.android.NormalTheme"
45-->src/main/AndroidManifest.xml:24:15-70
46                android:resource="@style/NormalTheme" />
46-->src/main/AndroidManifest.xml:25:15-52
47            <!--
48                 Displays an Android View that continues showing the launch screen
49                 Drawable until Flutter paints its first frame, then this splash
50                 screen fades out. A splash screen is useful to avoid any visual
51                 gap between the end of Android's launch screen and the painting of
52                 Flutter's first frame.
53            -->
54            <meta-data
54-->src/main/AndroidManifest.xml:32:13-35:17
55                android:name="io.flutter.embedding.android.SplashScreenDrawable"
55-->src/main/AndroidManifest.xml:33:15-79
56                android:resource="@drawable/launch_background" />
56-->src/main/AndroidManifest.xml:34:15-61
57            <meta-data
57-->src/main/AndroidManifest.xml:36:13-38:41
58                android:name="com.google.firebase.ml.vision.DEPENDENCIES"
58-->src/main/AndroidManifest.xml:37:17-74
59                android:value="label" />
59-->src/main/AndroidManifest.xml:38:17-38
60
61            <intent-filter>
61-->src/main/AndroidManifest.xml:40:13-43:29
62                <action android:name="android.intent.action.MAIN" />
62-->src/main/AndroidManifest.xml:41:17-68
62-->src/main/AndroidManifest.xml:41:25-66
63
64                <category android:name="android.intent.category.LAUNCHER" />
64-->src/main/AndroidManifest.xml:42:17-76
64-->src/main/AndroidManifest.xml:42:27-74
65            </intent-filter>
66        </activity>
67        <!--
68             Don't delete the meta-data below.
69             This is used by the Flutter tool to generate GeneratedPluginRegistrant.java
70        -->
71        <meta-data
71-->src/main/AndroidManifest.xml:47:9-49:33
72            android:name="flutterEmbedding"
72-->src/main/AndroidManifest.xml:48:13-44
73            android:value="2" />
73-->src/main/AndroidManifest.xml:49:13-30
74
75        <service
75-->[com.google.firebase:firebase-ml-vision:24.0.3] AndroidManifest.xml:9:9-15:19
76            android:name="com.google.firebase.components.ComponentDiscoveryService"
76-->[com.google.firebase:firebase-ml-vision:24.0.3] AndroidManifest.xml:10:13-84
77            android:directBootAware="true"
77-->[com.google.firebase:firebase-common:19.3.0] AndroidManifest.xml:34:13-43
78            android:exported="false" >
78-->[com.google.firebase:firebase-ml-vision:24.0.3] AndroidManifest.xml:11:13-37
79            <meta-data
79-->[com.google.firebase:firebase-ml-vision:24.0.3] AndroidManifest.xml:12:13-14:85
80                android:name="com.google.firebase.components:com.google.firebase.ml.vision.VisionRegistrar"
80-->[com.google.firebase:firebase-ml-vision:24.0.3] AndroidManifest.xml:13:17-108
81                android:value="com.google.firebase.components.ComponentRegistrar" />
81-->[com.google.firebase:firebase-ml-vision:24.0.3] AndroidManifest.xml:14:17-82
82            <meta-data
82-->[com.google.android.gms:play-services-measurement-api:17.2.2] AndroidManifest.xml:30:13-32:85
83                android:name="com.google.firebase.components:com.google.firebase.analytics.connector.internal.AnalyticsConnectorRegistrar"
83-->[com.google.android.gms:play-services-measurement-api:17.2.2] AndroidManifest.xml:31:17-139
84                android:value="com.google.firebase.components.ComponentRegistrar" />
84-->[com.google.android.gms:play-services-measurement-api:17.2.2] AndroidManifest.xml:32:17-82
85            <meta-data
85-->[com.google.firebase:firebase-ml-common:22.1.1] AndroidManifest.xml:11:13-13:85
86                android:name="com.google.firebase.components:com.google.firebase.ml.common.CommonComponentRegistrar"
86-->[com.google.firebase:firebase-ml-common:22.1.1] AndroidManifest.xml:12:17-117
87                android:value="com.google.firebase.components.ComponentRegistrar" />
87-->[com.google.firebase:firebase-ml-common:22.1.1] AndroidManifest.xml:13:17-82
88            <meta-data
88-->[com.google.firebase:firebase-iid:20.1.5] AndroidManifest.xml:32:13-34:85
89                android:name="com.google.firebase.components:com.google.firebase.iid.Registrar"
89-->[com.google.firebase:firebase-iid:20.1.5] AndroidManifest.xml:33:17-96
90                android:value="com.google.firebase.components.ComponentRegistrar" />
90-->[com.google.firebase:firebase-iid:20.1.5] AndroidManifest.xml:34:17-82
91            <meta-data
91-->[com.google.firebase:firebase-installations:16.2.1] AndroidManifest.xml:17:13-19:85
92                android:name="com.google.firebase.components:com.google.firebase.installations.FirebaseInstallationsRegistrar"
92-->[com.google.firebase:firebase-installations:16.2.1] AndroidManifest.xml:18:17-127
93                android:value="com.google.firebase.components.ComponentRegistrar" />
93-->[com.google.firebase:firebase-installations:16.2.1] AndroidManifest.xml:19:17-82
94        </service>
95
96        <provider
96-->[:image_picker] AndroidManifest.xml:11:9-19:20
97            android:name="io.flutter.plugins.imagepicker.ImagePickerFileProvider"
97-->[:image_picker] AndroidManifest.xml:12:13-82
98            android:authorities="com.cbkm.textrecognition.flutter.image_provider"
98-->[:image_picker] AndroidManifest.xml:13:13-74
99            android:exported="false"
99-->[:image_picker] AndroidManifest.xml:14:13-37
100            android:grantUriPermissions="true" >
100-->[:image_picker] AndroidManifest.xml:15:13-47
101            <meta-data
101-->[:image_picker] AndroidManifest.xml:16:13-18:75
102                android:name="android.support.FILE_PROVIDER_PATHS"
102-->[:image_picker] AndroidManifest.xml:17:17-67
103                android:resource="@xml/flutter_image_picker_file_paths" />
103-->[:image_picker] AndroidManifest.xml:18:17-72
104        </provider>
105
106        <receiver
106-->[com.google.android.gms:play-services-measurement:17.2.2] AndroidManifest.xml:29:9-33:20
107            android:name="com.google.android.gms.measurement.AppMeasurementReceiver"
107-->[com.google.android.gms:play-services-measurement:17.2.2] AndroidManifest.xml:30:13-85
108            android:enabled="true"
108-->[com.google.android.gms:play-services-measurement:17.2.2] AndroidManifest.xml:31:13-35
109            android:exported="false" >
109-->[com.google.android.gms:play-services-measurement:17.2.2] AndroidManifest.xml:32:13-37
110        </receiver>
111        <receiver
111-->[com.google.android.gms:play-services-measurement:17.2.2] AndroidManifest.xml:34:9-42:20
112            android:name="com.google.android.gms.measurement.AppMeasurementInstallReferrerReceiver"
112-->[com.google.android.gms:play-services-measurement:17.2.2] AndroidManifest.xml:35:13-100
113            android:enabled="true"
113-->[com.google.android.gms:play-services-measurement:17.2.2] AndroidManifest.xml:36:13-35
114            android:exported="true"
114-->[com.google.android.gms:play-services-measurement:17.2.2] AndroidManifest.xml:37:13-36
115            android:permission="android.permission.INSTALL_PACKAGES" >
115-->[com.google.android.gms:play-services-measurement:17.2.2] AndroidManifest.xml:38:13-69
116            <intent-filter>
116-->[com.google.android.gms:play-services-measurement:17.2.2] AndroidManifest.xml:39:13-41:29
117                <action android:name="com.android.vending.INSTALL_REFERRER" />
117-->[com.google.android.gms:play-services-measurement:17.2.2] AndroidManifest.xml:40:17-79
117-->[com.google.android.gms:play-services-measurement:17.2.2] AndroidManifest.xml:40:25-76
118            </intent-filter>
119        </receiver>
120
121        <service
121-->[com.google.android.gms:play-services-measurement:17.2.2] AndroidManifest.xml:44:9-47:40
122            android:name="com.google.android.gms.measurement.AppMeasurementService"
122-->[com.google.android.gms:play-services-measurement:17.2.2] AndroidManifest.xml:45:13-84
123            android:enabled="true"
123-->[com.google.android.gms:play-services-measurement:17.2.2] AndroidManifest.xml:46:13-35
124            android:exported="false" />
124-->[com.google.android.gms:play-services-measurement:17.2.2] AndroidManifest.xml:47:13-37
125        <service
125-->[com.google.android.gms:play-services-measurement:17.2.2] AndroidManifest.xml:48:9-52:72
126            android:name="com.google.android.gms.measurement.AppMeasurementJobService"
126-->[com.google.android.gms:play-services-measurement:17.2.2] AndroidManifest.xml:49:13-87
127            android:enabled="true"
127-->[com.google.android.gms:play-services-measurement:17.2.2] AndroidManifest.xml:50:13-35
128            android:exported="false"
128-->[com.google.android.gms:play-services-measurement:17.2.2] AndroidManifest.xml:51:13-37
129            android:permission="android.permission.BIND_JOB_SERVICE" />
129-->[com.google.android.gms:play-services-measurement:17.2.2] AndroidManifest.xml:52:13-69
130
131        <receiver
131-->[com.google.firebase:firebase-iid:20.1.5] AndroidManifest.xml:37:9-44:20
132            android:name="com.google.firebase.iid.FirebaseInstanceIdReceiver"
132-->[com.google.firebase:firebase-iid:20.1.5] AndroidManifest.xml:38:13-78
133            android:exported="true"
133-->[com.google.firebase:firebase-iid:20.1.5] AndroidManifest.xml:39:13-36
134            android:permission="com.google.android.c2dm.permission.SEND" >
134-->[com.google.firebase:firebase-iid:20.1.5] AndroidManifest.xml:40:13-73
135            <intent-filter>
135-->[com.google.firebase:firebase-iid:20.1.5] AndroidManifest.xml:41:13-43:29
136                <action android:name="com.google.android.c2dm.intent.RECEIVE" />
136-->[com.google.firebase:firebase-iid:20.1.5] AndroidManifest.xml:42:17-81
136-->[com.google.firebase:firebase-iid:20.1.5] AndroidManifest.xml:42:25-78
137            </intent-filter>
138        </receiver>
139
140        <activity
140-->[com.google.android.gms:play-services-base:17.0.0] AndroidManifest.xml:23:9-26:75
141            android:name="com.google.android.gms.common.api.GoogleApiActivity"
141-->[com.google.android.gms:play-services-base:17.0.0] AndroidManifest.xml:24:13-79
142            android:exported="false"
142-->[com.google.android.gms:play-services-base:17.0.0] AndroidManifest.xml:25:13-37
143            android:theme="@android:style/Theme.Translucent.NoTitleBar" />
143-->[com.google.android.gms:play-services-base:17.0.0] AndroidManifest.xml:26:13-72
144
145        <provider
145-->[com.google.firebase:firebase-common:19.3.0] AndroidManifest.xml:26:9-30:39
146            android:name="com.google.firebase.provider.FirebaseInitProvider"
146-->[com.google.firebase:firebase-common:19.3.0] AndroidManifest.xml:27:13-77
147            android:authorities="com.cbkm.textrecognition.firebaseinitprovider"
147-->[com.google.firebase:firebase-common:19.3.0] AndroidManifest.xml:28:13-72
148            android:exported="false"
148-->[com.google.firebase:firebase-common:19.3.0] AndroidManifest.xml:29:13-37
149            android:initOrder="100" />
149-->[com.google.firebase:firebase-common:19.3.0] AndroidManifest.xml:30:13-36
150
151        <meta-data
151-->[com.google.android.gms:play-services-basement:17.0.0] AndroidManifest.xml:23:9-25:69
152            android:name="com.google.android.gms.version"
152-->[com.google.android.gms:play-services-basement:17.0.0] AndroidManifest.xml:24:13-58
153            android:value="@integer/google_play_services_version" />
153-->[com.google.android.gms:play-services-basement:17.0.0] AndroidManifest.xml:25:13-66
154    </application>
155
156</manifest>